<?xml version="1.0" encoding="UTF-8"?>
<testng-results ignored="0" total="1" passed="1" failed="0" skipped="0">
  <reporter-output>
  </reporter-output>
  <suite started-at="2022-11-02T17:51:41 CET" name="Default suite" finished-at="2022-11-02T17:51:57 CET" duration-ms="15123">
    <groups>
    </groups>
    <test started-at="2022-11-02T17:51:41 CET" name="Default test" finished-at="2022-11-02T17:51:57 CET" duration-ms="15123">
      <class name="Academy.AgainSomething.WindowAuthPopup234">
        <test-method signature="UploadPDFFileAutoITTestCase236237239()[pri:0, instance:Academy.AgainSomething.WindowAuthPopup234@644baf4a]" started-at="2022-11-02T17:51:42 CET" name="UploadPDFFileAutoITTestCase236237239" finished-at="2022-11-02T17:51:57 CET" duration-ms="14927" status="PASS">
          <reporter-output>
          </reporter-output>
        </test-method> <!-- UploadPDFFileAutoITTestCase236237239 -->
      </class> <!-- Academy.AgainSomething.WindowAuthPopup234 -->
    </test> <!-- Default test -->
  </suite> <!-- Default suite -->
</testng-results>
